Wed Jul 15 14:57:27 2026       
+-----------------------------------------------------------------------------------------+
| NVIDIA-SMI 580.95.05              Driver Version: 580.95.05      CUDA Version: 13.0     |
+-----------------------------------------+------------------------+----------------------+
| GPU  Name                 Persistence-M | Bus-Id          Disp.A | Volatile Uncorr. ECC |
| Fan  Temp   Perf          Pwr:Usage/Cap |           Memory-Usage | GPU-Util  Compute M. |
|                                         |                        |               MIG M. |
|=========================================+========================+======================|
|   0  NVIDIA A100-PCIE-40GB          On  |   00000000:25:00.0 Off |                    0 |
| N/A   23C    P0             36W /  250W |       0MiB /  40960MiB |      0%      Default |
|                                         |                        |             Disabled |
+-----------------------------------------+------------------------+----------------------+
|   1  NVIDIA A100-PCIE-40GB          On  |   00000000:81:00.0 Off |                    0 |
| N/A   24C    P0             35W /  250W |       0MiB /  40960MiB |      0%      Default |
|                                         |                        |             Disabled |
+-----------------------------------------+------------------------+----------------------+
|   2  NVIDIA A100-PCIE-40GB          On  |   00000000:E2:00.0 Off |                    0 |
| N/A   22C    P0             34W /  250W |       0MiB /  40960MiB |      0%      Default |
|                                         |                        |             Disabled |
+-----------------------------------------+------------------------+----------------------+

+-----------------------------------------------------------------------------------------+
| Processes:                                                                              |
|  GPU   GI   CI              PID   Type   Process name                        GPU Memory |
|        ID   ID                                                               Usage      |
|=========================================================================================|
|  No running processes found                                                             |
+-----------------------------------------------------------------------------------------+
0,1,2
/apps/spack/0.21/ascend/linux-rhel9-zen2/miniconda3/gcc/11.4.1/24.1.2-py310-bf5mmfg/lib:/apps/spack/0.21/ascend/linux-rhel9-zen2/cuda/gcc/11.4.1/12.9.1-iwtk5qq/lib64:/apps/spack/0.21/ascend/linux-rhel9-zen2/mvapich/intel/2021.10.0/4.1-2xnw2fs/lib:/apps/spack/0.21/ascend/linux-rhel9-zen2/intel-oneapi-mkl/gcc/11.4.1/2023.2.0-gwnin2p/mkl/2023.2.0/lib/intel64:/apps/spack/0.21/ascend/linux-rhel9-zen2/intel-oneapi-mkl/gcc/11.4.1/2023.2.0-gwnin2p/lib:/apps/spack/0.21/ascend/linux-rhel9-zen2/intel-oneapi-compilers/gcc/11.4.1/2023.2.3-nkzjnam/compiler/2023.2.3/linux/lib:/apps/spack/0.21/ascend/linux-rhel9-zen2/intel-oneapi-compilers/gcc/11.4.1/2023.2.3-nkzjnam/compiler/2023.2.3/linux/lib/x64:/apps/spack/0.21/ascend/linux-rhel9-zen2/intel-oneapi-compilers/gcc/11.4.1/2023.2.3-nkzjnam/compiler/2023.2.3/linux/lib/oclfpga/host/linux64/lib:/apps/spack/0.21/ascend/linux-rhel9-zen2/intel-oneapi-compilers/gcc/11.4.1/2023.2.3-nkzjnam/compiler/2023.2.3/linux/compiler/lib/intel64_lin:/apps/spack/0.21/ascend/linux-rhel9-zen2/intel-oneapi-compilers-classic/gcc/11.4.1/2021.10.0-7dtoxcu/lib:/apps/spack/0.21/ascend/linux-rhel9-zen2/intel-oneapi-mkl/gcc/11.4.1/2023.2.0-gwnin2p/compiler/latest/lib:/usr/lib:/usr/lib/ucx
[CudaDevice(id=0), CudaDevice(id=1), CudaDevice(id=2)]
all_folds model initialized!
loaded 32 intervals from bed file
scorers used
CenterMaskScorer(requested_output=ATAC, width=501, aggregation_type=DIFF_LOG2_SUM)
ContactMapScorer()
CenterMaskScorer(requested_output=DNASE, width=501, aggregation_type=DIFF_LOG2_SUM)
CenterMaskScorer(requested_output=CHIP_TF, width=501, aggregation_type=DIFF_LOG2_SUM)
CenterMaskScorer(requested_output=CHIP_HISTONE, width=2001, aggregation_type=DIFF_LOG2_SUM)
CenterMaskScorer(requested_output=CAGE, width=501, aggregation_type=DIFF_LOG2_SUM)
CenterMaskScorer(requested_output=PROCAP, width=501, aggregation_type=DIFF_LOG2_SUM)
GeneMaskLFCScorer(requested_output=RNA_SEQ)
GeneMaskActiveScorer(requested_output=RNA_SEQ)
CenterMaskScorer(requested_output=ATAC, width=501, aggregation_type=ACTIVE_SUM)
CenterMaskScorer(requested_output=DNASE, width=501, aggregation_type=ACTIVE_SUM)
CenterMaskScorer(requested_output=CHIP_TF, width=501, aggregation_type=ACTIVE_SUM)
CenterMaskScorer(requested_output=CHIP_HISTONE, width=2001, aggregation_type=ACTIVE_SUM)
CenterMaskScorer(requested_output=CAGE, width=501, aggregation_type=ACTIVE_SUM)
CenterMaskScorer(requested_output=PROCAP, width=501, aggregation_type=ACTIVE_SUM)
interval name: pred_reg_post_cage_0
