
Currently Loaded Modules:
  1) intel-oneapi-mkl/2023.2.0   4) modules/sp2025
  2) intel/2021.10.0             5) cuda/12.9.1
  3) mvapich/4.1                 6) miniconda3/24.1.2-py310

 

Fetching 12 files:   0%|          | 0/12 [00:00<?, ?it/s]Fetching 12 files: 100%|██████████| 12/12 [00:00<00:00, 827.14it/s]
Traceback (most recent call last):
  File "/users/PAS2905/coraalbers/ag/variant-effects/run_ism_regulatory_regions.py", line 108, in <module>
    bed_intervals, bed_df = load_bed_intervals(BED_FILE)
                            ^^^^^^^^^^^^^^^^^^^^^^^^^^^^
  File "/users/PAS2905/coraalbers/ag/variant-effects/run_ism_regulatory_regions.py", line 88, in load_bed_intervals
    df = pd.read_csv(bed_path, sep='\t')
         ^^^^^^^^^^^^^^^^^^^^^^^^^^^^^^^
  File "/users/PAS2905/coraalbers/.conda/envs/py311/lib/python3.11/site-packages/pandas/io/parsers/readers.py", line 1026, in read_csv
    return _read(filepath_or_buffer, kwds)
           ^^^^^^^^^^^^^^^^^^^^^^^^^^^^^^^
  File "/users/PAS2905/coraalbers/.conda/envs/py311/lib/python3.11/site-packages/pandas/io/parsers/readers.py", line 620, in _read
    parser = TextFileReader(filepath_or_buffer, **kwds)
             ^^^^^^^^^^^^^^^^^^^^^^^^^^^^^^^^^^^^^^^^^^
  File "/users/PAS2905/coraalbers/.conda/envs/py311/lib/python3.11/site-packages/pandas/io/parsers/readers.py", line 1620, in __init__
    self._engine = self._make_engine(f, self.engine)
                   ^^^^^^^^^^^^^^^^^^^^^^^^^^^^^^^^^
  File "/users/PAS2905/coraalbers/.conda/envs/py311/lib/python3.11/site-packages/pandas/io/parsers/readers.py", line 1880, in _make_engine
    self.handles = get_handle(
                   ^^^^^^^^^^^
  File "/users/PAS2905/coraalbers/.conda/envs/py311/lib/python3.11/site-packages/pandas/io/common.py", line 873, in get_handle
    handle = open(
             ^^^^^
FileNotFoundError: [Errno 2] No such file or directory: 'ag/variant-effects/outputs/predicted_reg_regions_pre.bed'
